<?xml version="1.0" encoding="UTF-8"?>
<!-- Generated by org.testng.reporters.JUnitXMLReporter -->
<testsuite ignored="0" hostname="DESKTOP-HP" failures="0" tests="3" name="Default test" time="10.99" errors="0" timestamp="2026-08-07T15:45:33 IST">
  <testcase classname="TestNGPractice.Sample2" name="launchChromeBrowser" time="2.626"/>
  <testcase classname="TestNGPractice.Sample2" name="loginTest" time="8.059"/>
  <testcase classname="TestNGPractice.Sample2" name="takeLoginScreenshotTest" time="0.219"/>
</testsuite> <!-- Default test -->
