<?xml version="1.0" encoding="UTF-8"?>
<!-- Generated by org.testng.reporters.JUnitXMLReporter -->
<testsuite ignored="0" hostname="DESKTOP-HP" failures="0" tests="4" name="Default test" time="20.761" errors="0" timestamp="2026-08-05T15:21:32 IST">
  <testcase classname="TestNG.Sample3" name="openAmazon" time="5.799"/>
  <testcase classname="TestNG.Sample3" name="openFacebook" time="5.367"/>
  <testcase classname="TestNG.Sample3" name="openFlipkart" time="4.513"/>
  <testcase classname="TestNG.Sample3" name="openKite" time="5.006"/>
</testsuite> <!-- Default test -->
