<?xml version="1.0" encoding="UTF-8"?>
<!-- Generated by org.testng.reporters.JUnitXMLReporter -->
<testsuite ignored="0" hostname="DESKTOP-HP" failures="1" tests="1" name="Test_Edge" time="0.009" errors="0" timestamp="2026-08-27T18:53:07 IST">
  <testcase classname="TestNG.MultiBrowser_Testing" name="verify_PageOf_SwagsLab" time="0.0">
    <failure type="org.testng.TestNGException" message="
Cannot inject @Test annotated Method [verify_PageOf_SwagsLab] with [class java.lang.String].
For more information on native dependency injection please refer to https://testng.org/#_dependency_injection">
      <![CDATA[org.testng.TestNGException: 
Cannot inject @Test annotated Method [verify_PageOf_SwagsLab] with [class java.lang.String].
For more information on native dependency injection please refer to https://testng.org/#_dependency_injection
at java.base/java.util.ArrayList.forEach(ArrayList.java:1511)
... Removed 26 stack frames]]>
    </failure>
  </testcase> <!-- verify_PageOf_SwagsLab -->
</testsuite> <!-- Test_Edge -->
