<?xml version="1.0" encoding="UTF-8"?>
<testng-results ignored="0" total="2" passed="2" failed="0" skipped="0">
  <reporter-output>
    <line>
      <![CDATA[Open Chrome Browser]]>
    </line>
    <line>
      <![CDATA[Login into app]]>
    </line>
    <line>
      <![CDATA[Running TC-1]]>
    </line>
    <line>
      <![CDATA[Logout from app]]>
    </line>
    <line>
      <![CDATA[Login into app]]>
    </line>
    <line>
      <![CDATA[Running TC-2]]>
    </line>
    <line>
      <![CDATA[Logout from app]]>
    </line>
    <line>
      <![CDATA[Close Chrome Browser]]>
    </line>
  </reporter-output>
  <suite started-at="2026-08-07T13:51:11 IST" name="Default suite" finished-at="2026-08-07T13:51:11 IST" duration-ms="124">
    <groups>
    </groups>
    <test started-at="2026-08-07T13:51:11 IST" name="Default test" finished-at="2026-08-07T13:51:11 IST" duration-ms="124">
      <class name="TestNG.Demo1">
        <test-method is-config="true" signature="openBrowser()[pri:0, instance:TestNG.Demo1@3c41ed1d]" started-at="2026-08-07T13:51:11 IST" name="openBrowser" finished-at="2026-08-07T13:51:11 IST" duration-ms="21" status="PASS">
          <reporter-output>
            <line>
              <![CDATA[Open Chrome Browser]]>
            </line>
          </reporter-output>
        </test-method> <!-- openBrowser -->
        <test-method is-config="true" signature="Login()[pri:0, instance:TestNG.Demo1@3c41ed1d]" started-at="2026-08-07T13:51:11 IST" name="Login" finished-at="2026-08-07T13:51:11 IST" duration-ms="1" status="PASS">
          <reporter-output>
            <line>
              <![CDATA[Login into app]]>
            </line>
          </reporter-output>
        </test-method> <!-- Login -->
        <test-method signature="TC1()[pri:0, instance:TestNG.Demo1@3c41ed1d]" started-at="2026-08-07T13:51:11 IST" name="TC1" finished-at="2026-08-07T13:51:11 IST" duration-ms="8" status="PASS">
          <reporter-output>
            <line>
              <![CDATA[Running TC-1]]>
            </line>
          </reporter-output>
        </test-method> <!-- TC1 -->
        <test-method is-config="true" signature="Logout()[pri:0, instance:TestNG.Demo1@3c41ed1d]" started-at="2026-08-07T13:51:11 IST" name="Logout" finished-at="2026-08-07T13:51:11 IST" duration-ms="0" status="PASS">
          <reporter-output>
            <line>
              <![CDATA[Logout from app]]>
            </line>
          </reporter-output>
        </test-method> <!-- Logout -->
        <test-method signature="TC2()[pri:0, instance:TestNG.Demo1@3c41ed1d]" started-at="2026-08-07T13:51:11 IST" name="TC2" finished-at="2026-08-07T13:51:11 IST" duration-ms="3" status="PASS">
          <reporter-output>
            <line>
              <![CDATA[Running TC-2]]>
            </line>
          </reporter-output>
        </test-method> <!-- TC2 -->
        <test-method is-config="true" signature="Login()[pri:0, instance:TestNG.Demo1@3c41ed1d]" started-at="2026-08-07T13:51:11 IST" name="Login" finished-at="2026-08-07T13:51:11 IST" duration-ms="0" status="PASS">
          <reporter-output>
            <line>
              <![CDATA[Login into app]]>
            </line>
          </reporter-output>
        </test-method> <!-- Login -->
        <test-method is-config="true" signature="Logout()[pri:0, instance:TestNG.Demo1@3c41ed1d]" started-at="2026-08-07T13:51:11 IST" name="Logout" finished-at="2026-08-07T13:51:11 IST" duration-ms="1" status="PASS">
          <reporter-output>
            <line>
              <![CDATA[Logout from app]]>
            </line>
          </reporter-output>
        </test-method> <!-- Logout -->
        <test-method is-config="true" signature="closeBrowser()[pri:0, instance:TestNG.Demo1@3c41ed1d]" started-at="2026-08-07T13:51:11 IST" name="closeBrowser" finished-at="2026-08-07T13:51:11 IST" duration-ms="1" status="PASS">
          <reporter-output>
            <line>
              <![CDATA[Close Chrome Browser]]>
            </line>
          </reporter-output>
        </test-method> <!-- closeBrowser -->
      </class> <!-- TestNG.Demo1 -->
    </test> <!-- Default test -->
  </suite> <!-- Default suite -->
</testng-results>
