<?xml version="1.0" encoding="UTF-8"?>
<testng-results ignored="0" total="7" passed="7" failed="0" skipped="0">
  <reporter-output>
    <line>
      <![CDATA[TC-7]]>
    </line>
    <line>
      <![CDATA[TC-6]]>
    </line>
    <line>
      <![CDATA[TC-3]]>
    </line>
    <line>
      <![CDATA[TC-4]]>
    </line>
    <line>
      <![CDATA[TC-2]]>
    </line>
    <line>
      <![CDATA[TC-5]]>
    </line>
    <line>
      <![CDATA[TC-1]]>
    </line>
  </reporter-output>
  <suite started-at="2026-08-06T11:13:32 IST" name="Default suite" finished-at="2026-08-06T11:13:32 IST" duration-ms="128">
    <groups>
    </groups>
    <test started-at="2026-08-06T11:13:32 IST" name="Default test" finished-at="2026-08-06T11:13:32 IST" duration-ms="128">
      <class name="TestNG.Test6">
        <test-method signature="TC7()[pri:-2, instance:TestNG.Test6@7cc0cdad]" started-at="2026-08-06T11:13:32 IST" name="TC7" finished-at="2026-08-06T11:13:32 IST" duration-ms="20" status="PASS">
          <reporter-output>
            <line>
              <![CDATA[TC-7]]>
            </line>
          </reporter-output>
        </test-method> <!-- TC7 -->
        <test-method signature="TC6()[pri:-1, instance:TestNG.Test6@7cc0cdad]" started-at="2026-08-06T11:13:32 IST" name="TC6" finished-at="2026-08-06T11:13:32 IST" duration-ms="2" status="PASS">
          <reporter-output>
            <line>
              <![CDATA[TC-6]]>
            </line>
          </reporter-output>
        </test-method> <!-- TC6 -->
        <test-method signature="TC3()[pri:0, instance:TestNG.Test6@7cc0cdad]" started-at="2026-08-06T11:13:32 IST" name="TC3" finished-at="2026-08-06T11:13:32 IST" duration-ms="1" status="PASS">
          <reporter-output>
            <line>
              <![CDATA[TC-3]]>
            </line>
          </reporter-output>
        </test-method> <!-- TC3 -->
        <test-method signature="TC4()[pri:0, instance:TestNG.Test6@7cc0cdad]" started-at="2026-08-06T11:13:32 IST" name="TC4" finished-at="2026-08-06T11:13:32 IST" duration-ms="3" status="PASS">
          <reporter-output>
            <line>
              <![CDATA[TC-4]]>
            </line>
          </reporter-output>
        </test-method> <!-- TC4 -->
        <test-method signature="TC2()[pri:1, instance:TestNG.Test6@7cc0cdad]" started-at="2026-08-06T11:13:32 IST" name="TC2" finished-at="2026-08-06T11:13:32 IST" duration-ms="3" status="PASS">
          <reporter-output>
            <line>
              <![CDATA[TC-2]]>
            </line>
          </reporter-output>
        </test-method> <!-- TC2 -->
        <test-method signature="TC5()[pri:1, instance:TestNG.Test6@7cc0cdad]" started-at="2026-08-06T11:13:32 IST" name="TC5" finished-at="2026-08-06T11:13:32 IST" duration-ms="2" status="PASS">
          <reporter-output>
            <line>
              <![CDATA[TC-5]]>
            </line>
          </reporter-output>
        </test-method> <!-- TC5 -->
        <test-method signature="TC1()[pri:2, instance:TestNG.Test6@7cc0cdad]" started-at="2026-08-06T11:13:32 IST" name="TC1" finished-at="2026-08-06T11:13:32 IST" duration-ms="2" status="PASS">
          <reporter-output>
            <line>
              <![CDATA[TC-1]]>
            </line>
          </reporter-output>
        </test-method> <!-- TC1 -->
      </class> <!-- TestNG.Test6 -->
    </test> <!-- Default test -->
  </suite> <!-- Default suite -->
</testng-results>
