<?xml version="1.0" encoding="UTF-8"?>
<!-- Generated by org.testng.reporters.JUnitReportReporter -->
<testsuite hostname="DESKTOP-HP" failures="0" tests="2" name="TestNG.Test2" time="0.030" errors="0" timestamp="2026-08-06T10:59:02 IST" skipped="0">
  <testcase classname="TestNG.Test2" name="TC2" time="0.027">
    <system-out>
      <![CDATA[TC-2]]>
    </system-out>
  </testcase> <!-- TC2 -->
  <testcase classname="TestNG.Test2" name="TC1" time="0.003">
    <system-out>
      <![CDATA[TC-1]]>
    </system-out>
  </testcase> <!-- TC1 -->
  <system-out>
    <![CDATA[TC-2
TC-1]]>
  </system-out>
</testsuite> <!-- TestNG.Test2 -->
