<?xml version="1.0" encoding="UTF-8"?>
<!-- Generated by org.testng.reporters.JUnitReportReporter -->
<testsuite hostname="DESKTOP-HP" failures="0" tests="5" name="TestNG.Test7" time="0.056" errors="0" timestamp="2026-08-07T11:08:49 IST" skipped="1">
  <testcase classname="TestNG.Test7" name="TC1" time="0.044">
    <system-out>
      <![CDATA[TC-1]]>
    </system-out>
  </testcase> <!-- TC1 -->
  <testcase classname="TestNG.Test7" name="TC5" time="0.003">
    <system-out>
      <![CDATA[TC-5]]>
    </system-out>
  </testcase> <!-- TC5 -->
  <testcase classname="TestNG.Test7" name="TC4" time="0.004">
    <system-out>
      <![CDATA[TC-4]]>
    </system-out>
  </testcase> <!-- TC4 -->
  <testcase classname="TestNG.Test7" name="TC2" time="0.005">
    <system-out>
      <![CDATA[TC-2]]>
    </system-out>
  </testcase> <!-- TC2 -->
  <testcase classname="TestNG.Test7" name="TC3">
    <skipped/>
  </testcase> <!-- TC3 -->
  <system-out>
    <![CDATA[TC-1
TC-2
TC-4
TC-5]]>
  </system-out>
</testsuite> <!-- TestNG.Test7 -->
