<?xml version="1.0" encoding="UTF-8"?>
<!-- Generated by org.testng.reporters.JUnitReportReporter -->
<testsuite hostname="DESKTOP-HP" failures="0" tests="4" name="TestNG.Sample3" time="20.685" errors="0" timestamp="2026-08-05T15:21:32 IST" skipped="0">
  <testcase classname="TestNG.Sample3" name="openFacebook" time="5.367">
    <system-out>
      <![CDATA[openFacebook]]>
    </system-out>
  </testcase> <!-- openFacebook -->
  <testcase classname="TestNG.Sample3" name="openKite" time="5.006">
    <system-out>
      <![CDATA[openKite]]>
    </system-out>
  </testcase> <!-- openKite -->
  <testcase classname="TestNG.Sample3" name="openAmazon" time="5.799">
    <system-out>
      <![CDATA[open Amazon Website]]>
    </system-out>
  </testcase> <!-- openAmazon -->
  <testcase classname="TestNG.Sample3" name="openFlipkart" time="4.513"/>
  <system-out>
    <![CDATA[open Amazon Website
openFacebook
openKite]]>
  </system-out>
</testsuite> <!-- TestNG.Sample3 -->
