<?xml version="1.0" encoding="UTF-8"?>
<!-- Generated by org.testng.reporters.JUnitReportReporter -->
<testsuite hostname="DESKTOP-HP" failures="0" tests="2" name="TestNG.Sample2" time="11.807" errors="0" timestamp="2026-08-05T15:14:52 IST" skipped="0">
  <testcase classname="TestNG.Sample2" name="openFacebook" time="7.594">
    <system-out>
      <![CDATA[openFacbook]]>
    </system-out>
  </testcase> <!-- openFacebook -->
  <testcase classname="TestNG.Sample2" name="openKite" time="4.213">
    <system-out>
      <![CDATA[openKite]]>
    </system-out>
  </testcase> <!-- openKite -->
  <system-out>
    <![CDATA[openFacbook
openKite]]>
  </system-out>
</testsuite> <!-- TestNG.Sample2 -->
