<?xml version="1.0" encoding="UTF-8"?>
<!-- Generated by org.testng.reporters.JUnitReportReporter -->
<testsuite hostname="DESKTOP-HP" failures="0" tests="5" name="TestNGPractice.Test1" time="0.101" errors="0" timestamp="2026-08-11T19:33:44 IST" skipped="0">
  <testcase classname="TestNGPractice.Test1" name="verifyLoginPageOpen" time="0.017"/>
  <testcase classname="TestNGPractice.Test1" name="verifyLoginBtn" time="0.023"/>
  <testcase classname="TestNGPractice.Test1" name="verifyPassField" time="0.030"/>
  <testcase classname="TestNGPractice.Test1" name="verifyUnameFiled" time="0.023"/>
  <testcase classname="TestNGPractice.Test1" name="verifyTitle" time="0.008"/>
</testsuite> <!-- TestNGPractice.Test1 -->
