<?xml version="1.0" encoding="UTF-8"?>
<!-- Generated by org.testng.reporters.JUnitReportReporter -->
<testsuite hostname="DESKTOP-HP" failures="0" tests="4" name="TestNG.Test9" time="2.045" errors="0" timestamp="2026-08-07T11:16:39 IST" skipped="0">
  <testcase classname="TestNG.Test9" name="TC1" time="0.016">
    <system-out>
      <![CDATA[TC-1]]>
    </system-out>
  </testcase> <!-- TC1 -->
  <testcase classname="TestNG.Test9" name="TC2" time="2.020">
    <system-out>
      <![CDATA[TC-2]]>
    </system-out>
  </testcase> <!-- TC2 -->
  <testcase classname="TestNG.Test9" name="TC3" time="0.004">
    <system-out>
      <![CDATA[TC-3]]>
    </system-out>
  </testcase> <!-- TC3 -->
  <testcase classname="TestNG.Test9" name="TC4" time="0.005">
    <system-out>
      <![CDATA[TC-4]]>
    </system-out>
  </testcase> <!-- TC4 -->
  <system-out>
    <![CDATA[TC-1
TC-2
TC-3
TC-4]]>
  </system-out>
</testsuite> <!-- TestNG.Test9 -->
