<?xml version="1.0" encoding="UTF-8"?>
<!-- Generated by org.testng.reporters.JUnitReportReporter -->
<testsuite hostname="DESKTOP-HP" failures="0" tests="4" name="TestNG.Test3" time="0.063" errors="0" timestamp="2026-08-06T11:00:41 IST" skipped="0">
  <testcase classname="TestNG.Test3" name="TC3" time="0.041">
    <system-out>
      <![CDATA[TC-3]]>
    </system-out>
  </testcase> <!-- TC3 -->
  <testcase classname="TestNG.Test3" name="TC4" time="0.005">
    <system-out>
      <![CDATA[TC-4]]>
    </system-out>
  </testcase> <!-- TC4 -->
  <testcase classname="TestNG.Test3" name="TC2" time="0.006">
    <system-out>
      <![CDATA[TC-2]]>
    </system-out>
  </testcase> <!-- TC2 -->
  <testcase classname="TestNG.Test3" name="TC1" time="0.011">
    <system-out>
      <![CDATA[TC-1]]>
    </system-out>
  </testcase> <!-- TC1 -->
  <system-out>
    <![CDATA[TC-3
TC-2
TC-4
TC-1]]>
  </system-out>
</testsuite> <!-- TestNG.Test3 -->
