<?xml version="1.0" encoding="UTF-8"?>
<!-- Generated by org.testng.reporters.JUnitReportReporter -->
<testsuite hostname="DESKTOP-HP" failures="0" tests="2" name="TestNG.Demo3" time="10.304" errors="0" timestamp="2026-08-10T21:43:32 IST" skipped="0">
  <testcase classname="TestNG.Demo3" name="verifyURL_Flipkart" time="4.910"/>
  <testcase classname="TestNG.Demo3" name="verifyTitle_Flipkart" time="5.394"/>
  <system-out>
    <![CDATA[https://www.amazon.in/]]>
  </system-out>
</testsuite> <!-- TestNG.Demo3 -->
