<?xml version="1.0" encoding="UTF-8"?>
<!-- Generated by org.testng.reporters.JUnitReportReporter -->
<testsuite hostname="DESKTOP-HP" failures="0" tests="2" name="TestNG.Demo4" time="6.559" errors="0" timestamp="2026-08-10T21:43:32 IST" skipped="0">
  <testcase classname="TestNG.Demo4" name="verifyTitle_Kite" time="3.878"/>
  <testcase classname="TestNG.Demo4" name="verifyURL_Kite" time="2.681"/>
  <system-out>
    <![CDATA[https://www.amazon.in/]]>
  </system-out>
</testsuite> <!-- TestNG.Demo4 -->
