<?xml version="1.0" encoding="UTF-8"?>
<!-- Generated by org.testng.reporters.JUnitReportReporter -->
<testsuite hostname="DESKTOP-HP" failures="0" tests="4" name="TestNGPractice.Sample1" time="3.103" errors="0" timestamp="2026-08-06T22:40:26 IST" skipped="0">
  <testcase classname="TestNGPractice.Sample1" name="launchChromeBrowser" time="1.286">
    <system-out>
      <![CDATA[Chrome browser launched]]>
    </system-out>
  </testcase> <!-- launchChromeBrowser -->
  <testcase classname="TestNGPractice.Sample1" name="enterUrl" time="1.646">
    <system-out>
      <![CDATA[URL entered into browser: Kite Zerodha]]>
    </system-out>
  </testcase> <!-- enterUrl -->
  <testcase classname="TestNGPractice.Sample1" name="enterUname" time="0.085">
    <system-out>
      <![CDATA[Username entered]]>
    </system-out>
  </testcase> <!-- enterUname -->
  <testcase classname="TestNGPractice.Sample1" name="enterPass" time="0.086">
    <system-out>
      <![CDATA[Username entered]]>
    </system-out>
  </testcase> <!-- enterPass -->
  <system-out>
    <![CDATA[Chrome browser launched
URL entered into browser: Kite Zerodha
Username entered
Username entered]]>
  </system-out>
</testsuite> <!-- TestNGPractice.Sample1 -->
