<?xml version="1.0" encoding="UTF-8"?>
<!-- Generated by org.testng.reporters.JUnitReportReporter -->
<testsuite hostname="DESKTOP-HP" failures="0" tests="5" name="TestNG.Test1" time="0.039" errors="0" timestamp="2026-08-06T10:39:59 IST" skipped="0">
  <testcase classname="TestNG.Test1" name="TC1" time="0.003">
    <system-out>
      <![CDATA[TC-1]]>
    </system-out>
  </testcase> <!-- TC1 -->
  <testcase classname="TestNG.Test1" name="TC1" time="0.003">
    <system-out>
      <![CDATA[TC-1]]>
    </system-out>
  </testcase> <!-- TC1 -->
  <testcase classname="TestNG.Test1" name="TC1" time="0.024">
    <system-out>
      <![CDATA[TC-1]]>
    </system-out>
  </testcase> <!-- TC1 -->
  <testcase classname="TestNG.Test1" name="TC1" time="0.003">
    <system-out>
      <![CDATA[TC-1]]>
    </system-out>
  </testcase> <!-- TC1 -->
  <testcase classname="TestNG.Test1" name="TC1" time="0.006">
    <system-out>
      <![CDATA[TC-1]]>
    </system-out>
  </testcase> <!-- TC1 -->
  <system-out>
    <![CDATA[TC-1
TC-1
TC-1
TC-1
TC-1]]>
  </system-out>
</testsuite> <!-- TestNG.Test1 -->
