<?xml version="1.0" encoding="UTF-8"?>
<!-- Generated by org.testng.reporters.JUnitReportReporter -->
<testsuite hostname="DESKTOP-HP" failures="0" tests="2" name="TestNG.Demo1" time="0.013" errors="0" timestamp="2026-08-07T13:51:11 IST" skipped="0">
  <testcase classname="TestNG.Demo1" name="TC1" time="0.008">
    <system-out>
      <![CDATA[Running TC-1]]>
    </system-out>
  </testcase> <!-- TC1 -->
  <testcase classname="TestNG.Demo1" name="TC2" time="0.005">
    <system-out>
      <![CDATA[Running TC-2]]>
    </system-out>
  </testcase> <!-- TC2 -->
  <system-out>
    <![CDATA[Open Chrome Browser
Login into app
Running TC-1
Logout from app
Login into app
Running TC-2
Logout from app
Close Chrome Browser]]>
  </system-out>
</testsuite> <!-- TestNG.Demo1 -->
