<?xml version="1.0" encoding="UTF-8"?>
<!-- Generated by org.testng.reporters.JUnitReportReporter -->
<testsuite hostname="DESKTOP-HP" failures="0" tests="3" name="TestNGPractice.Sample2" time="4.512" errors="0" timestamp="2026-08-07T13:59:48 IST" skipped="0">
  <testcase classname="TestNGPractice.Sample2" name="launchChromeBrowser" time="2.332">
    <system-out>
      <![CDATA[Chrome browser launched]]>
    </system-out>
  </testcase> <!-- launchChromeBrowser -->
  <testcase classname="TestNGPractice.Sample2" name="loginTest" time="1.960">
    <system-out>
      <![CDATA[Login Details entered]]>
    </system-out>
  </testcase> <!-- loginTest -->
  <testcase classname="TestNGPractice.Sample2" name="takeLoginScreenshotTest" time="0.220">
    <system-out>
      <![CDATA[Login Screen Screenshot taken successfully]]>
    </system-out>
  </testcase> <!-- takeLoginScreenshotTest -->
  <system-out>
    <![CDATA[Chrome browser launched
Login Details entered
Login Screen Screenshot taken successfully]]>
  </system-out>
</testsuite> <!-- TestNGPractice.Sample2 -->
