<?xml version="1.0" encoding="UTF-8"?>
<!-- Generated by org.testng.reporters.JUnitReportReporter -->
<testsuite hostname="DESKTOP-HP" failures="0" tests="7" name="TestNG.Test6" time="0.033" errors="0" timestamp="2026-08-06T11:13:32 IST" skipped="0">
  <testcase classname="TestNG.Test6" name="TC7" time="0.020">
    <system-out>
      <![CDATA[TC-7]]>
    </system-out>
  </testcase> <!-- TC7 -->
  <testcase classname="TestNG.Test6" name="TC6" time="0.002">
    <system-out>
      <![CDATA[TC-6]]>
    </system-out>
  </testcase> <!-- TC6 -->
  <testcase classname="TestNG.Test6" name="TC3" time="0.001">
    <system-out>
      <![CDATA[TC-3]]>
    </system-out>
  </testcase> <!-- TC3 -->
  <testcase classname="TestNG.Test6" name="TC4" time="0.003">
    <system-out>
      <![CDATA[TC-4]]>
    </system-out>
  </testcase> <!-- TC4 -->
  <testcase classname="TestNG.Test6" name="TC5" time="0.002">
    <system-out>
      <![CDATA[TC-5]]>
    </system-out>
  </testcase> <!-- TC5 -->
  <testcase classname="TestNG.Test6" name="TC2" time="0.003">
    <system-out>
      <![CDATA[TC-2]]>
    </system-out>
  </testcase> <!-- TC2 -->
  <testcase classname="TestNG.Test6" name="TC1" time="0.002">
    <system-out>
      <![CDATA[TC-1]]>
    </system-out>
  </testcase> <!-- TC1 -->
  <system-out>
    <![CDATA[TC-7
TC-6
TC-3
TC-4
TC-2
TC-5
TC-1]]>
  </system-out>
</testsuite> <!-- TestNG.Test6 -->
