<?xml version="1.0" encoding="UTF-8"?>
<!-- Generated by org.testng.reporters.JUnitReportReporter -->
<testsuite hostname="DESKTOP-HP" failures="0" tests="5" name="TestNG.Test8" time="0.015" errors="0" timestamp="2026-08-07T11:10:05 IST" skipped="2">
  <testcase classname="TestNG.Test8" name="TC1" time="0.014">
    <system-out>
      <![CDATA[Running TC-1]]>
    </system-out>
  </testcase> <!-- TC1 -->
  <testcase classname="TestNG.Test8" name="TC3" time="0.000">
    <system-out>
      <![CDATA[Running TC-3]]>
    </system-out>
  </testcase> <!-- TC3 -->
  <testcase classname="TestNG.Test8" name="TC5" time="0.001">
    <system-out>
      <![CDATA[Running TC-5]]>
    </system-out>
  </testcase> <!-- TC5 -->
  <testcase classname="TestNG.Test8" name="TC4">
    <skipped/>
  </testcase> <!-- TC4 -->
  <testcase classname="TestNG.Test8" name="TC2">
    <skipped/>
  </testcase> <!-- TC2 -->
  <system-out>
    <![CDATA[Running TC-1
Running TC-3
Running TC-5]]>
  </system-out>
</testsuite> <!-- TestNG.Test8 -->
