<?xml version="1.0" encoding="UTF-8"?>
<!-- Generated by org.testng.reporters.JUnitReportReporter -->
<testsuite hostname="DESKTOP-HP" failures="0" tests="2" name="TestNGPractice.Sample3" time="12.701" errors="0" timestamp="2026-08-07T15:42:15 IST" skipped="0">
  <testcase classname="TestNGPractice.Sample3" name="verifyRemoveToCart" time="6.364">
    <system-out>
      <![CDATA[Verified Remove Button,by clicking on it.]]>
    </system-out>
  </testcase> <!-- verifyRemoveToCart -->
  <testcase classname="TestNGPractice.Sample3" name="verifyAddToCart" time="6.337">
    <system-out>
      <![CDATA[Verified Add To Cart Button,by clicking on it.]]>
    </system-out>
  </testcase> <!-- verifyAddToCart -->
  <system-out>
    <![CDATA[open browser chrome
Login into SauceDemo App
Verified Add To Cart Button,by clicking on it.
Logout from SauceDemo App
Login into SauceDemo App
Verified Remove Button,by clicking on it.
Logout from SauceDemo App
closed chrome browser]]>
  </system-out>
</testsuite> <!-- TestNGPractice.Sample3 -->
