<?xml version="1.0" encoding="UTF-8"?>
<!-- Generated by org.testng.reporters.JUnitReportReporter -->
<testsuite hostname="DESKTOP-HP" failures="0" tests="5" name="TestNG.Test5" time="0.038" errors="0" timestamp="2026-08-06T11:09:48 IST" skipped="0">
  <testcase classname="TestNG.Test5" name="TC3" time="0.028">
    <system-out>
      <![CDATA[TC-3]]>
    </system-out>
  </testcase> <!-- TC3 -->
  <testcase classname="TestNG.Test5" name="TC4" time="0.002">
    <system-out>
      <![CDATA[TC-4]]>
    </system-out>
  </testcase> <!-- TC4 -->
  <testcase classname="TestNG.Test5" name="TC2" time="0.002">
    <system-out>
      <![CDATA[TC-2]]>
    </system-out>
  </testcase> <!-- TC2 -->
  <testcase classname="TestNG.Test5" name="TC5" time="0.002">
    <system-out>
      <![CDATA[TC-5]]>
    </system-out>
  </testcase> <!-- TC5 -->
  <testcase classname="TestNG.Test5" name="TC1" time="0.004">
    <system-out>
      <![CDATA[TC-1]]>
    </system-out>
  </testcase> <!-- TC1 -->
  <system-out>
    <![CDATA[TC-3
TC-4
TC-2
TC-5
TC-1]]>
  </system-out>
</testsuite> <!-- TestNG.Test5 -->
