<?xml version="1.0" encoding="UTF-8"?>
<!-- Generated by org.testng.reporters.JUnitReportReporter -->
<testsuite hostname="DESKTOP-HP" failures="0" tests="2" name="TestNG.Demo2" time="6.513" errors="0" timestamp="2026-08-10T21:43:32 IST" skipped="0">
  <testcase classname="TestNG.Demo2" name="verifyTitle_Amazon" time="2.926"/>
  <testcase classname="TestNG.Demo2" name="verifyURL_Amazon" time="3.587">
    <system-out>
      <![CDATA[https://www.amazon.in/]]>
    </system-out>
  </testcase> <!-- verifyURL_Amazon -->
  <system-out>
    <![CDATA[https://www.amazon.in/]]>
  </system-out>
</testsuite> <!-- TestNG.Demo2 -->
