<?xml version="1.0" encoding="UTF-8"?>
<!-- Generated by org.testng.reporters.JUnitReportReporter -->
<testsuite hostname="DESKTOP-HP" failures="0" tests="7" name="TestNGPractice.Test1" time="0.431" errors="0" timestamp="2026-08-11T19:04:59 IST" skipped="0">
  <testcase classname="TestNGPractice.Test1" name="verifyLoginPageOpen" time="0.060"/>
  <testcase classname="TestNGPractice.Test1" name="verifyUnameFiled" time="0.065"/>
  <testcase classname="TestNGPractice.Test1" name="verifyLoginBtn" time="0.088"/>
  <testcase classname="TestNGPractice.Test1" name="verifyPassField" time="0.079"/>
  <testcase classname="TestNGPractice.Test1" name="verifyHeadingDisplayed" time="0.056"/>
  <testcase classname="TestNGPractice.Test1" name="verifyTitle" time="0.022"/>
  <testcase classname="TestNGPractice.Test1" name="verifyLogoDisplayed" time="0.061"/>
</testsuite> <!-- TestNGPractice.Test1 -->
